<component name="libraryTable">
  <library name="junit.jupiter.api1" type="repository">
    <properties maven-id="org.junit.jupiter:junit-jupiter-api:5.0.0-M6" />
    <CLASSES>
      <root url="jar://$PROJECT_DIR$/lib/junit-jupiter-api-5.0.0-M6.jar!/" />
      <root url="jar://$PROJECT_DIR$/lib/opentest4j-1.0.0-M3.jar!/" />
      <root url="jar://$PROJECT_DIR$/lib/junit-platform-commons-1.0.0-M6.jar!/" />
    </CLASSES>
    <JAVADOC />
    <SOURCES />
  </library>
</component>